2025-07-22 11:49:57,010 - INFO - Logging is working correctly.
2025-07-22 11:53:54,659 - INFO - Connecting to database...
2025-07-22 11:53:54,659 - INFO - Creating Vendor Summary DataFrame...
2025-07-22 11:55:12,158 - INFO - Summary DF shape: (10692, 14)
2025-07-22 11:55:12,170 - DEBUG -    VendorNumber                   VendorName  Brand              Description  PurchasePrice  ActualPrice Volume  TotalPurchaseQuantity  TotalPurchaseDollars  TotalSalesPrice  TotalSalesDollars  TotalSalesQuantity  TotalExciseTax  FreightCost
0          1128  BROWN-FORMAN CORP             1233  Jack Daniels No 7 Black          26.27        36.99   1750                 145080            3811251.60        672819.31         5101919.51            142049.0       260999.20     68601.68
1          4425        MARTIGNETTI COMPANIES   3405    Tito's Handmade Vodka          23.19        28.99   1750                 164038            3804041.22        561512.37         4819073.49            160247.0       294438.66    144929.24
2         17035  PERNOD RICARD USA             8068         Absolut 80 Proof          18.24        24.99   1750                 187407            3418303.68        461140.15         4538120.60            187140.0       343854.07    123780.22
3          3960  DIAGEO NORTH AMERICA INC      4261   Capt Morgan Spiced Rum          16.17        22.99   1750                 201682            3261197.94        420050.01         4475972.88            200412.0       368242.80    257032.07
4          3960  DIAGEO NORTH AMERICA INC      3545          Ketel One Vodka          21.89        29.99   1750                 138109            3023206.01        545778.28         4223107.62            135838.0       249587.83    257032.07
2025-07-22 11:55:12,170 - INFO - Cleaning data...
2025-07-22 11:55:12,186 - INFO - Cleaned DF shape: (10692, 18)
2025-07-22 11:55:12,191 - DEBUG -    VendorNumber                VendorName  Brand              Description  PurchasePrice  ActualPrice  Volume  TotalPurchaseQuantity  TotalPurchaseDollars  TotalSalesPrice  TotalSalesDollars  TotalSalesQuantity  TotalExciseTax  FreightCost  GrossProfit  ProfitMargin  StockTurnover  SalesToPurchaseRatio
0          1128         BROWN-FORMAN CORP   1233  Jack Daniels No 7 Black          26.27        36.99  1750.0                 145080            3811251.60        672819.31         5101919.51            142049.0       260999.20     68601.68   1290667.91     25.297693       0.979108              1.338647
1          4425     MARTIGNETTI COMPANIES   3405    Tito's Handmade Vodka          23.19        28.99  1750.0                 164038            3804041.22        561512.37         4819073.49            160247.0       294438.66    144929.24   1015032.27     21.062810       0.976890              1.266830
2         17035         PERNOD RICARD USA   8068         Absolut 80 Proof          18.24        24.99  1750.0                 187407            3418303.68        461140.15         4538120.60            187140.0       343854.07    123780.22   1119816.92     24.675786       0.998575              1.327594
3          3960  DIAGEO NORTH AMERICA INC   4261   Capt Morgan Spiced Rum          16.17        22.99  1750.0                 201682            3261197.94        420050.01         4475972.88            200412.0       368242.80    257032.07   1214774.94     27.139908       0.993703              1.372493
4          3960  DIAGEO NORTH AMERICA INC   3545          Ketel One Vodka          21.89        29.99  1750.0                 138109            3023206.01        545778.28         4223107.62            135838.0       249587.83    257032.07   1199901.61     28.412764       0.983556              1.396897
2025-07-22 11:55:12,192 - INFO - Ingesting cleaned data into database...
2025-07-22 11:55:12,336 - INFO - Ingestion complete. Script finished successfully.
